#
# A fatal error has been detected by the Java Runtime Environment:
#
#  Internal Error (javaClasses.cpp:136), pid=3120, tid=6436
#  fatal error: Invalid layout of preloaded class
#
# JRE version:  (7.0_75-b13) (build )
# Java VM: Java HotSpot(TM) 64-Bit Server VM (24.75-b04 mixed mode windows-amd64 compressed oops)
# Failed to write core dump. Minidumps are not enabled by default on client versions of Windows
#
# If you would like to submit a bug report, please visit:
#   http://bugreport.sun.com/bugreport/crash.jsp
#

---------------  T H R E A D  ---------------

Current thread (0x0000000002530800):  JavaThread "Unknown thread" [_thread_in_vm, id=6436, stack(0x00000000023b0000,0x00000000024b0000)]

Stack: [0x00000000023b0000,0x00000000024b0000]

---------------  P R O C E S S  ---------------

Java Threads: ( => current thread )

Other Threads:

=>0x0000000002530800 (exited) JavaThread "Unknown thread" [_thread_in_vm, id=6436, stack(0x00000000023b0000,0x00000000024b0000)]

VM state:not at safepoint (not fully initialized)

VM Mutex/Monitor currently owned by a thread: None

GC Heap History (0 events):
No events

Deoptimization events (0 events):
No events

Internal exceptions (0 events):
No events

Events (10 events):
Event: 0.026 loading class 0x00000000025749a0 done
Event: 0.026 loading class 0x00000000025743a0 done
Event: 0.026 loading class 0x0000000002574380
Event: 0.026 loading class 0x000000000257c530
Event: 0.026 loading class 0x000000000257c530 done
Event: 0.026 loading class 0x000000000257c560
Event: 0.026 loading class 0x000000000257c560 done
Event: 0.026 loading class 0x000000000257c590
Event: 0.026 loading class 0x000000000257c590 done
Event: 0.026 loading class 0x0000000002574380 done


Dynamic libraries:
0x00007ff6f6030000 - 0x00007ff6f6063000 	C:\Program Files\Java\jre7\bin\javaw.exe
0x00007fffc4e50000 - 0x00007fffc4ffc000 	C:\Windows\SYSTEM32\ntdll.dll
0x00007fffc4930000 - 0x00007fffc4a6e000 	C:\Windows\system32\KERNEL32.DLL
0x00007fffc23b0000 - 0x00007fffc24c5000 	C:\Windows\system32\KERNELBASE.dll
0x00007fffc0b20000 - 0x00007fffc0bae000 	C:\Windows\system32\apphelp.dll
0x00007fffa37b0000 - 0x00007fffa3803000 	C:\Windows\AppPatch\AppPatch64\AcGenral.DLL
0x00007fffc24d0000 - 0x00007fffc257a000 	C:\Windows\system32\msvcrt.dll
0x00007fffc1dd0000 - 0x00007fffc1dfe000 	C:\Windows\SYSTEM32\SspiCli.dll
0x00007fffc48d0000 - 0x00007fffc4924000 	C:\Windows\system32\SHLWAPI.dll
0x00007fffc4750000 - 0x00007fffc48c7000 	C:\Windows\system32\USER32.dll
0x00007fffc45b0000 - 0x00007fffc4744000 	C:\Windows\system32\ole32.dll
0x00007fffc2b60000 - 0x00007fffc4078000 	C:\Windows\system32\SHELL32.dll
0x00007fffc1860000 - 0x00007fffc1881000 	C:\Windows\SYSTEM32\USERENV.dll
0x00007fffc4bf0000 - 0x00007fffc4c9a000 	C:\Windows\system32\ADVAPI32.dll
0x00007fffb5020000 - 0x00007fffb503e000 	C:\Windows\SYSTEM32\MPR.dll
0x00007fffc4340000 - 0x00007fffc4481000 	C:\Windows\system32\RPCRT4.dll
0x00007fffc4490000 - 0x00007fffc44e9000 	C:\Windows\SYSTEM32\sechost.dll
0x00007fffc25b0000 - 0x00007fffc27c1000 	C:\Windows\SYSTEM32\combase.dll
0x00007fffc41e0000 - 0x00007fffc4331000 	C:\Windows\system32\GDI32.dll
0x00007fffc1fa0000 - 0x00007fffc1fb5000 	C:\Windows\SYSTEM32\profapi.dll
0x00007fffc0a60000 - 0x00007fffc0b12000 	C:\Windows\SYSTEM32\SHCORE.dll
0x00007fffc4bb0000 - 0x00007fffc4be6000 	C:\Windows\system32\IMM32.DLL
0x00007fffc4080000 - 0x00007fffc41d2000 	C:\Windows\system32\MSCTF.dll
0x00007fffbfbe0000 - 0x00007fffbfe5b000 	C:\Windows\WinSxS\amd64_microsoft.windows.common-controls_6595b64144ccf1df_6.0.9600.17784_none_624760d1ecb7236e\COMCTL32.dll
0x00000000762a0000 - 0x0000000076372000 	C:\Program Files\Java\jre7\bin\msvcr100.dll
0x0000000076440000 - 0x0000000076c14000 	C:\Program Files\Java\jre7\bin\server\jvm.dll
0x00007fffa37a0000 - 0x00007fffa37a9000 	C:\Windows\SYSTEM32\WSOCK32.dll
0x00007fffbf810000 - 0x00007fffbf832000 	C:\Windows\SYSTEM32\WINMM.dll
0x00007fffc4d00000 - 0x00007fffc4d07000 	C:\Windows\system32\PSAPI.DLL
0x00007fffc4df0000 - 0x00007fffc4e4a000 	C:\Windows\system32\WS2_32.dll
0x00007fffbf020000 - 0x00007fffbf04a000 	C:\Windows\SYSTEM32\WINMMBASE.dll
0x00007fffc4a70000 - 0x00007fffc4a79000 	C:\Windows\system32\NSI.dll
0x00007fffc22b0000 - 0x00007fffc22ff000 	C:\Windows\SYSTEM32\cfgmgr32.dll
0x00007fffc0d90000 - 0x00007fffc0db8000 	C:\Windows\SYSTEM32\DEVOBJ.dll
0x0000000051870000 - 0x000000005187f000 	C:\Program Files\Java\jre7\bin\verify.dll
0x0000000076410000 - 0x0000000076438000 	C:\Program Files\Java\jre7\bin\java.dll
0x00000000763f0000 - 0x0000000076405000 	C:\Program Files\Java\jre7\bin\zip.dll

VM Arguments:
jvm_args: -Dfile.encoding=Cp1252 -Xbootclasspath:C:\Users\Niek\AppData\Local\Android\android-sdk\platforms\android-21\android.jar 
java_command: org.eclipse.jdt.internal.junit.runner.RemoteTestRunner -version 3 -port 50836 -testLoaderClass org.eclipse.jdt.internal.junit4.runner.JUnit4TestLoader -loaderpluginname org.eclipse.jdt.junit4.runtime -classNames test.ParseTest
Launcher Type: SUN_STANDARD

Environment Variables:
PATH=C:/Program Files/Java/jre7/bin/server;C:/Program Files/Java/jre7/bin;C:/Program Files/Java/jre7/lib/amd64;C:\ProgramData\Oracle\Java\javapath;C:\Program Files (x86)\Skype\Phone\;C:\Program Files\Java\jdk1.8.0_31\bin;C:\Eclipse\eclipse;
USERNAME=Niek
OS=Windows_NT
PROCESSOR_IDENTIFIER=Intel64 Family 6 Model 61 Stepping 4, GenuineIntel



---------------  S Y S T E M  ---------------

OS: Windows 8.1 , 64 bit Build 9600 

CPU:total 4 (2 cores per cpu, 2 threads per core) family 6 model 61 stepping 4, cmov, cx8, fxsr, mmx, sse, sse2, sse3, ssse3, sse4.1, sse4.2, popcnt, avx, avx2, aes, erms, ht, tsc, tscinvbit

Memory: 4k page, physical 12503312k(7481320k free), swap 14403856k(8225616k free)

vm_info: Java HotSpot(TM) 64-Bit Server VM (24.75-b04) for windows-amd64 JRE (1.7.0_75-b13), built on Dec 18 2014 17:15:01 by "java_re" with unknown MS VC++:1600

time: Wed May 20 21:08:19 2015
elapsed time: 0 seconds

